---------------------------------------------------------------
[ 2017-05-21T23:20:40+08:00 ] 127.0.0.1 127.0.0.1 GET /tryValidsate
[ error ] [1]Uncaught exception 'think\exception\ErrorException' with message 'Argument 1 passed to app\lib\exception\ExceptionHandler::render() must be an instance of think\Exception, instance of think\exception\HttpException given, called in D:\xampp\htdocs\StarWar\Zerg\thinkphp\library\think\Error.php on line 47 and defined' in D:\xampp\htdocs\StarWar\Zerg\application\lib\exception\ExceptionHandler.php:18
Stack trace:
#0 D:\xampp\htdocs\StarWar\Zerg\application\lib\exception\ExceptionHandler.php(18): think\Error::appError(4096, 'Argument 1 pass...', 'D:\\xampp\\htdocs...', 18, Array)
#1 D:\xampp\htdocs\StarWar\Zerg\thinkphp\library\think\Error.php(47): app\lib\exception\ExceptionHandler->render(Object(think\exception\HttpException))
#2 [internal function]: think\Error::appException(Object(think\exception\HttpException))
#3 {main}
  thrown
---------------------------------------------------------------
[ 2017-05-21T23:21:03+08:00 ] 127.0.0.1 127.0.0.1 GET /tryasd
[ error ] [1]Uncaught exception 'think\exception\ErrorException' with message 'Argument 1 passed to app\lib\exception\ExceptionHandler::render() must be an instance of think\Exception, instance of think\exception\HttpException given, called in D:\xampp\htdocs\StarWar\Zerg\thinkphp\library\think\Error.php on line 47 and defined' in D:\xampp\htdocs\StarWar\Zerg\application\lib\exception\ExceptionHandler.php:18
Stack trace:
#0 D:\xampp\htdocs\StarWar\Zerg\application\lib\exception\ExceptionHandler.php(18): think\Error::appError(4096, 'Argument 1 pass...', 'D:\\xampp\\htdocs...', 18, Array)
#1 D:\xampp\htdocs\StarWar\Zerg\thinkphp\library\think\Error.php(47): app\lib\exception\ExceptionHandler->render(Object(think\exception\HttpException))
#2 [internal function]: think\Error::appException(Object(think\exception\HttpException))
#3 {main}
  thrown
---------------------------------------------------------------
[ 2017-05-21T23:28:09+08:00 ] 127.0.0.1 127.0.0.1 GET /tryasd
[ info ] wuyongwei.com/tryasd [运行时间：0.033002s][吞吐率：30.30req/s] [内存消耗：1,233.48kb] [文件加载：33]
[ info ] [ LANG ] D:\xampp\htdocs\StarWar\Zerg\thinkphp\lang\zh-cn.php
[ info ] [ ROUTE ] array (
  'type' => 'module',
  'module' => 
  array (
    0 => 'tryasd',
    1 => NULL,
    2 => NULL,
  ),
)
[ info ] [ HEADER ] array (
  'host' => 'wuyongwei.com',
  'connection' => 'keep-alive',
  'cache-control' => 'max-age=0',
  'upgrade-insecure-requests' => '1',
  'user-agent' => 'Mozilla/5.0 (Windows NT 6.1; Win64; x64) AppleWebKit/537.36 (KHTML, like Gecko) Chrome/57.0.2987.110 Safari/537.36',
  'accept' => 'text/html,application/xhtml+xml,application/xml;q=0.9,image/webp,*/*;q=0.8',
  'accept-encoding' => 'gzip, deflate, sdch',
  'accept-language' => 'zh-CN,zh;q=0.8,en;q=0.6,zh-TW;q=0.4',
  'cookie' => 'pgv_pvi=2466684928',
)
[ info ] [ PARAM ] array (
)
[ info ] [ LOG ] INIT File
[ error ] [1]Uncaught exception 'think\exception\ErrorException' with message 'Argument 1 passed to app\lib\exception\ExceptionHandler::render() must be an instance of think\Exception, instance of think\exception\HttpException given, called in D:\xampp\htdocs\StarWar\Zerg\thinkphp\library\think\Error.php on line 47 and defined' in D:\xampp\htdocs\StarWar\Zerg\application\lib\exception\ExceptionHandler.php:18
Stack trace:
#0 D:\xampp\htdocs\StarWar\Zerg\application\lib\exception\ExceptionHandler.php(18): think\Error::appError(4096, 'Argument 1 pass...', 'D:\\xampp\\htdocs...', 18, Array)
#1 D:\xampp\htdocs\StarWar\Zerg\thinkphp\library\think\Error.php(47): app\lib\exception\ExceptionHandler->render(Object(think\exception\HttpException))
#2 [internal function]: think\Error::appException(Object(think\exception\HttpException))
#3 {main}
  thrown[D:\xampp\htdocs\StarWar\Zerg\application\lib\exception\ExceptionHandler.php:18]
---------------------------------------------------------------
[ 2017-05-21T23:28:36+08:00 ] 127.0.0.1 127.0.0.1 GET /tryasd
[ info ] wuyongwei.com/tryasd [运行时间：0.026002s][吞吐率：38.46req/s] [内存消耗：1,188.51kb] [文件加载：31]
[ info ] [ LANG ] D:\xampp\htdocs\StarWar\Zerg\thinkphp\lang\zh-cn.php
[ info ] [ ROUTE ] array (
  'type' => 'module',
  'module' => 
  array (
    0 => 'tryasd',
    1 => NULL,
    2 => NULL,
  ),
)
[ info ] [ HEADER ] array (
  'host' => 'wuyongwei.com',
  'connection' => 'keep-alive',
  'cache-control' => 'max-age=0',
  'upgrade-insecure-requests' => '1',
  'user-agent' => 'Mozilla/5.0 (Windows NT 6.1; Win64; x64) AppleWebKit/537.36 (KHTML, like Gecko) Chrome/57.0.2987.110 Safari/537.36',
  'accept' => 'text/html,application/xhtml+xml,application/xml;q=0.9,image/webp,*/*;q=0.8',
  'accept-encoding' => 'gzip, deflate, sdch',
  'accept-language' => 'zh-CN,zh;q=0.8,en;q=0.6,zh-TW;q=0.4',
  'cookie' => 'pgv_pvi=2466684928',
)
[ info ] [ PARAM ] array (
)
[ info ] [ LOG ] INIT File
---------------------------------------------------------------
[ 2017-05-21T23:30:26+08:00 ] 127.0.0.1 127.0.0.1 GET /tryasd
[ info ] wuyongwei.com/tryasd [运行时间：0.030002s][吞吐率：33.33req/s] [内存消耗：1,188.51kb] [文件加载：31]
[ info ] [ LANG ] D:\xampp\htdocs\StarWar\Zerg\thinkphp\lang\zh-cn.php
[ info ] [ ROUTE ] array (
  'type' => 'module',
  'module' => 
  array (
    0 => 'tryasd',
    1 => NULL,
    2 => NULL,
  ),
)
[ info ] [ HEADER ] array (
  'host' => 'wuyongwei.com',
  'connection' => 'keep-alive',
  'cache-control' => 'max-age=0',
  'upgrade-insecure-requests' => '1',
  'user-agent' => 'Mozilla/5.0 (Windows NT 6.1; Win64; x64) AppleWebKit/537.36 (KHTML, like Gecko) Chrome/57.0.2987.110 Safari/537.36',
  'accept' => 'text/html,application/xhtml+xml,application/xml;q=0.9,image/webp,*/*;q=0.8',
  'accept-encoding' => 'gzip, deflate, sdch',
  'accept-language' => 'zh-CN,zh;q=0.8,en;q=0.6,zh-TW;q=0.4',
  'cookie' => 'pgv_pvi=2466684928',
)
[ info ] [ PARAM ] array (
)
[ info ] [ LOG ] INIT File
---------------------------------------------------------------
[ 2017-05-21T23:30:32+08:00 ] 127.0.0.1 127.0.0.1 GET /tryasd
[ info ] wuyongwei.com/tryasd [运行时间：0.026002s][吞吐率：38.46req/s] [内存消耗：1,233.48kb] [文件加载：33]
[ info ] [ LANG ] D:\xampp\htdocs\StarWar\Zerg\thinkphp\lang\zh-cn.php
[ info ] [ ROUTE ] array (
  'type' => 'module',
  'module' => 
  array (
    0 => 'tryasd',
    1 => NULL,
    2 => NULL,
  ),
)
[ info ] [ HEADER ] array (
  'host' => 'wuyongwei.com',
  'connection' => 'keep-alive',
  'cache-control' => 'max-age=0',
  'upgrade-insecure-requests' => '1',
  'user-agent' => 'Mozilla/5.0 (Windows NT 6.1; Win64; x64) AppleWebKit/537.36 (KHTML, like Gecko) Chrome/57.0.2987.110 Safari/537.36',
  'accept' => 'text/html,application/xhtml+xml,application/xml;q=0.9,image/webp,*/*;q=0.8',
  'accept-encoding' => 'gzip, deflate, sdch',
  'accept-language' => 'zh-CN,zh;q=0.8,en;q=0.6,zh-TW;q=0.4',
  'cookie' => 'pgv_pvi=2466684928',
)
[ info ] [ PARAM ] array (
)
[ info ] [ LOG ] INIT File
[ error ] [1]Uncaught exception 'think\exception\ErrorException' with message 'Argument 1 passed to app\lib\exception\ExceptionHandler::render() must be an instance of think\Exception, instance of think\exception\HttpException given, called in D:\xampp\htdocs\StarWar\Zerg\thinkphp\library\think\Error.php on line 47 and defined' in D:\xampp\htdocs\StarWar\Zerg\application\lib\exception\ExceptionHandler.php:18
Stack trace:
#0 D:\xampp\htdocs\StarWar\Zerg\application\lib\exception\ExceptionHandler.php(18): think\Error::appError(4096, 'Argument 1 pass...', 'D:\\xampp\\htdocs...', 18, Array)
#1 D:\xampp\htdocs\StarWar\Zerg\thinkphp\library\think\Error.php(47): app\lib\exception\ExceptionHandler->render(Object(think\exception\HttpException))
#2 [internal function]: think\Error::appException(Object(think\exception\HttpException))
#3 {main}
  thrown[D:\xampp\htdocs\StarWar\Zerg\application\lib\exception\ExceptionHandler.php:18]
---------------------------------------------------------------
[ 2017-05-21T23:34:56+08:00 ] 127.0.0.1 127.0.0.1 GET /tryasd
[ info ] wuyongwei.com/tryasd [运行时间：0.037002s][吞吐率：27.03req/s] [内存消耗：1,212.16kb] [文件加载：32]
[ info ] [ LANG ] D:\xampp\htdocs\StarWar\Zerg\thinkphp\lang\zh-cn.php
[ info ] [ ROUTE ] array (
  'type' => 'module',
  'module' => 
  array (
    0 => 'tryasd',
    1 => NULL,
    2 => NULL,
  ),
)
[ info ] [ HEADER ] array (
  'host' => 'wuyongwei.com',
  'connection' => 'keep-alive',
  'cache-control' => 'max-age=0',
  'upgrade-insecure-requests' => '1',
  'user-agent' => 'Mozilla/5.0 (Windows NT 6.1; Win64; x64) AppleWebKit/537.36 (KHTML, like Gecko) Chrome/57.0.2987.110 Safari/537.36',
  'accept' => 'text/html,application/xhtml+xml,application/xml;q=0.9,image/webp,*/*;q=0.8',
  'accept-encoding' => 'gzip, deflate, sdch',
  'accept-language' => 'zh-CN,zh;q=0.8,en;q=0.6,zh-TW;q=0.4',
  'cookie' => 'pgv_pvi=2466684928',
)
[ info ] [ PARAM ] array (
)
[ info ] [ LOG ] INIT File
[ error ] [64]Can't use method return value in write context[D:\xampp\htdocs\StarWar\Zerg\application\lib\exception\ExceptionHandler.php:28]
---------------------------------------------------------------
[ 2017-05-21T23:37:49+08:00 ] 127.0.0.1 127.0.0.1 GET /tryasd
[ info ] wuyongwei.com/tryasd [运行时间：0.035002s][吞吐率：28.57req/s] [内存消耗：1,212.16kb] [文件加载：32]
[ info ] [ LANG ] D:\xampp\htdocs\StarWar\Zerg\thinkphp\lang\zh-cn.php
[ info ] [ ROUTE ] array (
  'type' => 'module',
  'module' => 
  array (
    0 => 'tryasd',
    1 => NULL,
    2 => NULL,
  ),
)
[ info ] [ HEADER ] array (
  'host' => 'wuyongwei.com',
  'connection' => 'keep-alive',
  'cache-control' => 'max-age=0',
  'upgrade-insecure-requests' => '1',
  'user-agent' => 'Mozilla/5.0 (Windows NT 6.1; Win64; x64) AppleWebKit/537.36 (KHTML, like Gecko) Chrome/57.0.2987.110 Safari/537.36',
  'accept' => 'text/html,application/xhtml+xml,application/xml;q=0.9,image/webp,*/*;q=0.8',
  'accept-encoding' => 'gzip, deflate, sdch',
  'accept-language' => 'zh-CN,zh;q=0.8,en;q=0.6,zh-TW;q=0.4',
  'cookie' => 'pgv_pvi=2466684928',
)
[ info ] [ PARAM ] array (
)
[ info ] [ LOG ] INIT File
[ error ] [64]Can't use method return value in write context[D:\xampp\htdocs\StarWar\Zerg\application\lib\exception\ExceptionHandler.php:28]
---------------------------------------------------------------
[ 2017-05-21T23:37:50+08:00 ] 127.0.0.1 127.0.0.1 GET /tryasd
[ info ] wuyongwei.com/tryasd [运行时间：0.031002s][吞吐率：32.26req/s] [内存消耗：1,212.16kb] [文件加载：32]
[ info ] [ LANG ] D:\xampp\htdocs\StarWar\Zerg\thinkphp\lang\zh-cn.php
[ info ] [ ROUTE ] array (
  'type' => 'module',
  'module' => 
  array (
    0 => 'tryasd',
    1 => NULL,
    2 => NULL,
  ),
)
[ info ] [ HEADER ] array (
  'host' => 'wuyongwei.com',
  'connection' => 'keep-alive',
  'cache-control' => 'max-age=0',
  'upgrade-insecure-requests' => '1',
  'user-agent' => 'Mozilla/5.0 (Windows NT 6.1; Win64; x64) AppleWebKit/537.36 (KHTML, like Gecko) Chrome/57.0.2987.110 Safari/537.36',
  'accept' => 'text/html,application/xhtml+xml,application/xml;q=0.9,image/webp,*/*;q=0.8',
  'accept-encoding' => 'gzip, deflate, sdch',
  'accept-language' => 'zh-CN,zh;q=0.8,en;q=0.6,zh-TW;q=0.4',
  'cookie' => 'pgv_pvi=2466684928',
)
[ info ] [ PARAM ] array (
)
[ info ] [ LOG ] INIT File
[ error ] [64]Can't use method return value in write context[D:\xampp\htdocs\StarWar\Zerg\application\lib\exception\ExceptionHandler.php:28]
---------------------------------------------------------------
[ 2017-05-21T23:38:21+08:00 ] 127.0.0.1 127.0.0.1 GET /tryasd
[ info ] wuyongwei.com/tryasd [运行时间：0.035002s][吞吐率：28.57req/s] [内存消耗：1,233.48kb] [文件加载：33]
[ info ] [ LANG ] D:\xampp\htdocs\StarWar\Zerg\thinkphp\lang\zh-cn.php
[ info ] [ ROUTE ] array (
  'type' => 'module',
  'module' => 
  array (
    0 => 'tryasd',
    1 => NULL,
    2 => NULL,
  ),
)
[ info ] [ HEADER ] array (
  'host' => 'wuyongwei.com',
  'connection' => 'keep-alive',
  'cache-control' => 'max-age=0',
  'upgrade-insecure-requests' => '1',
  'user-agent' => 'Mozilla/5.0 (Windows NT 6.1; Win64; x64) AppleWebKit/537.36 (KHTML, like Gecko) Chrome/57.0.2987.110 Safari/537.36',
  'accept' => 'text/html,application/xhtml+xml,application/xml;q=0.9,image/webp,*/*;q=0.8',
  'accept-encoding' => 'gzip, deflate, sdch',
  'accept-language' => 'zh-CN,zh;q=0.8,en;q=0.6,zh-TW;q=0.4',
  'cookie' => 'pgv_pvi=2466684928',
)
[ info ] [ PARAM ] array (
)
[ info ] [ LOG ] INIT File
[ error ] [1]Uncaught exception 'think\exception\ErrorException' with message 'Argument 1 passed to app\lib\exception\ExceptionHandler::render() must be an instance of think\Exception, instance of think\exception\HttpException given, called in D:\xampp\htdocs\StarWar\Zerg\thinkphp\library\think\Error.php on line 47 and defined' in D:\xampp\htdocs\StarWar\Zerg\application\lib\exception\ExceptionHandler.php:18
Stack trace:
#0 D:\xampp\htdocs\StarWar\Zerg\application\lib\exception\ExceptionHandler.php(18): think\Error::appError(4096, 'Argument 1 pass...', 'D:\\xampp\\htdocs...', 18, Array)
#1 D:\xampp\htdocs\StarWar\Zerg\thinkphp\library\think\Error.php(47): app\lib\exception\ExceptionHandler->render(Object(think\exception\HttpException))
#2 [internal function]: think\Error::appException(Object(think\exception\HttpException))
#3 {main}
  thrown[D:\xampp\htdocs\StarWar\Zerg\application\lib\exception\ExceptionHandler.php:18]
---------------------------------------------------------------
[ 2017-05-21T23:40:56+08:00 ] 127.0.0.1 127.0.0.1 GET /tryasd
[ info ] wuyongwei.com/tryasd [运行时间：0.033002s][吞吐率：30.30req/s] [内存消耗：1,214.37kb] [文件加载：32]
[ info ] [ LANG ] D:\xampp\htdocs\StarWar\Zerg\thinkphp\lang\zh-cn.php
[ info ] [ ROUTE ] array (
  'type' => 'module',
  'module' => 
  array (
    0 => 'tryasd',
    1 => NULL,
    2 => NULL,
  ),
)
[ info ] [ HEADER ] array (
  'host' => 'wuyongwei.com',
  'connection' => 'keep-alive',
  'cache-control' => 'max-age=0',
  'upgrade-insecure-requests' => '1',
  'user-agent' => 'Mozilla/5.0 (Windows NT 6.1; Win64; x64) AppleWebKit/537.36 (KHTML, like Gecko) Chrome/57.0.2987.110 Safari/537.36',
  'accept' => 'text/html,application/xhtml+xml,application/xml;q=0.9,image/webp,*/*;q=0.8',
  'accept-encoding' => 'gzip, deflate, sdch',
  'accept-language' => 'zh-CN,zh;q=0.8,en;q=0.6,zh-TW;q=0.4',
  'cookie' => 'pgv_pvi=2466684928',
)
[ info ] [ PARAM ] array (
)
[ info ] [ LOG ] INIT File
[ error ] [4]语法错误: unexpected '->' (T_OBJECT_OPERATOR)[D:\xampp\htdocs\StarWar\Zerg\application\lib\exception\ExceptionHandler.php:26]
---------------------------------------------------------------
[ 2017-05-21T23:41:13+08:00 ] 127.0.0.1 127.0.0.1 GET /tryasd
[ info ] wuyongwei.com/tryasd [运行时间：0.030001s][吞吐率：33.33req/s] [内存消耗：1,223.24kb] [文件加载：33]
[ info ] [ LANG ] D:\xampp\htdocs\StarWar\Zerg\thinkphp\lang\zh-cn.php
[ info ] [ ROUTE ] array (
  'type' => 'module',
  'module' => 
  array (
    0 => 'tryasd',
    1 => NULL,
    2 => NULL,
  ),
)
[ info ] [ HEADER ] array (
  'host' => 'wuyongwei.com',
  'connection' => 'keep-alive',
  'cache-control' => 'max-age=0',
  'upgrade-insecure-requests' => '1',
  'user-agent' => 'Mozilla/5.0 (Windows NT 6.1; Win64; x64) AppleWebKit/537.36 (KHTML, like Gecko) Chrome/57.0.2987.110 Safari/537.36',
  'accept' => 'text/html,application/xhtml+xml,application/xml;q=0.9,image/webp,*/*;q=0.8',
  'accept-encoding' => 'gzip, deflate, sdch',
  'accept-language' => 'zh-CN,zh;q=0.8,en;q=0.6,zh-TW;q=0.4',
  'cookie' => 'pgv_pvi=2466684928',
)
[ info ] [ PARAM ] array (
)
[ info ] [ LOG ] INIT File
[ error ] [1]Uncaught exception 'think\exception\ErrorException' with message 'Argument 1 passed to app\lib\exception\ExceptionHandler::render() must be an instance of think\Exception, instance of think\exception\HttpException given, called in D:\xampp\htdocs\StarWar\Zerg\thinkphp\library\think\Error.php on line 47 and defined' in D:\xampp\htdocs\StarWar\Zerg\application\lib\exception\ExceptionHandler.php:18
Stack trace:
#0 D:\xampp\htdocs\StarWar\Zerg\application\lib\exception\ExceptionHandler.php(18): think\Error::appError(4096, 'Argument 1 pass...', 'D:\\xampp\\htdocs...', 18, Array)
#1 D:\xampp\htdocs\StarWar\Zerg\thinkphp\library\think\Error.php(47): app\lib\exception\ExceptionHandler->render(Object(think\exception\HttpException))
#2 [internal function]: think\Error::appException(Object(think\exception\HttpException))
#3 {main}
  thrown[D:\xampp\htdocs\StarWar\Zerg\application\lib\exception\ExceptionHandler.php:18]
---------------------------------------------------------------
[ 2017-05-21T23:41:33+08:00 ] 127.0.0.1 127.0.0.1 GET /tryasd
[ info ] wuyongwei.com/tryasd [运行时间：0.042003s][吞吐率：23.81req/s] [内存消耗：1,178.58kb] [文件加载：31]
[ info ] [ LANG ] D:\xampp\htdocs\StarWar\Zerg\thinkphp\lang\zh-cn.php
[ info ] [ ROUTE ] array (
  'type' => 'module',
  'module' => 
  array (
    0 => 'tryasd',
    1 => NULL,
    2 => NULL,
  ),
)
[ info ] [ HEADER ] array (
  'host' => 'wuyongwei.com',
  'connection' => 'keep-alive',
  'cache-control' => 'max-age=0',
  'upgrade-insecure-requests' => '1',
  'user-agent' => 'Mozilla/5.0 (Windows NT 6.1; Win64; x64) AppleWebKit/537.36 (KHTML, like Gecko) Chrome/57.0.2987.110 Safari/537.36',
  'accept' => 'text/html,application/xhtml+xml,application/xml;q=0.9,image/webp,*/*;q=0.8',
  'accept-encoding' => 'gzip, deflate, sdch',
  'accept-language' => 'zh-CN,zh;q=0.8,en;q=0.6,zh-TW;q=0.4',
  'cookie' => 'pgv_pvi=2466684928',
)
[ info ] [ PARAM ] array (
)
[ info ] [ LOG ] INIT File
---------------------------------------------------------------
[ 2017-05-21T23:42:42+08:00 ] 127.0.0.1 127.0.0.1 GET /tryasd
[ info ] wuyongwei.com/tryasd [运行时间：0.029002s][吞吐率：34.48req/s] [内存消耗：1,223.24kb] [文件加载：33]
[ info ] [ LANG ] D:\xampp\htdocs\StarWar\Zerg\thinkphp\lang\zh-cn.php
[ info ] [ ROUTE ] array (
  'type' => 'module',
  'module' => 
  array (
    0 => 'tryasd',
    1 => NULL,
    2 => NULL,
  ),
)
[ info ] [ HEADER ] array (
  'host' => 'wuyongwei.com',
  'connection' => 'keep-alive',
  'cache-control' => 'max-age=0',
  'upgrade-insecure-requests' => '1',
  'user-agent' => 'Mozilla/5.0 (Windows NT 6.1; Win64; x64) AppleWebKit/537.36 (KHTML, like Gecko) Chrome/57.0.2987.110 Safari/537.36',
  'accept' => 'text/html,application/xhtml+xml,application/xml;q=0.9,image/webp,*/*;q=0.8',
  'accept-encoding' => 'gzip, deflate, sdch',
  'accept-language' => 'zh-CN,zh;q=0.8,en;q=0.6,zh-TW;q=0.4',
  'cookie' => 'pgv_pvi=2466684928',
)
[ info ] [ PARAM ] array (
)
[ info ] [ LOG ] INIT File
[ error ] [1]Uncaught exception 'think\exception\ErrorException' with message 'Argument 1 passed to app\lib\exception\ExceptionHandler::render() must be an instance of think\Exception, instance of think\exception\HttpException given, called in D:\xampp\htdocs\StarWar\Zerg\thinkphp\library\think\Error.php on line 47 and defined' in D:\xampp\htdocs\StarWar\Zerg\application\lib\exception\ExceptionHandler.php:18
Stack trace:
#0 D:\xampp\htdocs\StarWar\Zerg\application\lib\exception\ExceptionHandler.php(18): think\Error::appError(4096, 'Argument 1 pass...', 'D:\\xampp\\htdocs...', 18, Array)
#1 D:\xampp\htdocs\StarWar\Zerg\thinkphp\library\think\Error.php(47): app\lib\exception\ExceptionHandler->render(Object(think\exception\HttpException))
#2 [internal function]: think\Error::appException(Object(think\exception\HttpException))
#3 {main}
  thrown[D:\xampp\htdocs\StarWar\Zerg\application\lib\exception\ExceptionHandler.php:18]
---------------------------------------------------------------
[ 2017-05-21T23:46:06+08:00 ] 127.0.0.1 127.0.0.1 GET /tryasd
[ info ] wuyongwei.com/tryasd [运行时间：0.036002s][吞吐率：27.78req/s] [内存消耗：1,178.58kb] [文件加载：31]
[ info ] [ LANG ] D:\xampp\htdocs\StarWar\Zerg\thinkphp\lang\zh-cn.php
[ info ] [ ROUTE ] array (
  'type' => 'module',
  'module' => 
  array (
    0 => 'tryasd',
    1 => NULL,
    2 => NULL,
  ),
)
[ info ] [ HEADER ] array (
  'host' => 'wuyongwei.com',
  'connection' => 'keep-alive',
  'cache-control' => 'max-age=0',
  'upgrade-insecure-requests' => '1',
  'user-agent' => 'Mozilla/5.0 (Windows NT 6.1; Win64; x64) AppleWebKit/537.36 (KHTML, like Gecko) Chrome/57.0.2987.110 Safari/537.36',
  'accept' => 'text/html,application/xhtml+xml,application/xml;q=0.9,image/webp,*/*;q=0.8',
  'accept-encoding' => 'gzip, deflate, sdch',
  'accept-language' => 'zh-CN,zh;q=0.8,en;q=0.6,zh-TW;q=0.4',
  'cookie' => 'pgv_pvi=2466684928',
)
[ info ] [ PARAM ] array (
)
[ info ] [ LOG ] INIT File
---------------------------------------------------------------
[ 2017-05-21T23:46:57+08:00 ] 127.0.0.1 127.0.0.1 GET /tryasd
[ info ] wuyongwei.com/tryasd [运行时间：0.032002s][吞吐率：31.25req/s] [内存消耗：1,178.58kb] [文件加载：31]
[ info ] [ LANG ] D:\xampp\htdocs\StarWar\Zerg\thinkphp\lang\zh-cn.php
[ info ] [ ROUTE ] array (
  'type' => 'module',
  'module' => 
  array (
    0 => 'tryasd',
    1 => NULL,
    2 => NULL,
  ),
)
[ info ] [ HEADER ] array (
  'host' => 'wuyongwei.com',
  'connection' => 'keep-alive',
  'cache-control' => 'max-age=0',
  'upgrade-insecure-requests' => '1',
  'user-agent' => 'Mozilla/5.0 (Windows NT 6.1; Win64; x64) AppleWebKit/537.36 (KHTML, like Gecko) Chrome/57.0.2987.110 Safari/537.36',
  'accept' => 'text/html,application/xhtml+xml,application/xml;q=0.9,image/webp,*/*;q=0.8',
  'accept-encoding' => 'gzip, deflate, sdch',
  'accept-language' => 'zh-CN,zh;q=0.8,en;q=0.6,zh-TW;q=0.4',
  'cookie' => 'pgv_pvi=2466684928',
)
[ info ] [ PARAM ] array (
)
[ info ] [ LOG ] INIT File
---------------------------------------------------------------
[ 2017-05-21T23:47:12+08:00 ] 127.0.0.1 127.0.0.1 GET /tryasd
[ info ] wuyongwei.com/tryasd [运行时间：0.030002s][吞吐率：33.33req/s] [内存消耗：1,223.24kb] [文件加载：33]
[ info ] [ LANG ] D:\xampp\htdocs\StarWar\Zerg\thinkphp\lang\zh-cn.php
[ info ] [ ROUTE ] array (
  'type' => 'module',
  'module' => 
  array (
    0 => 'tryasd',
    1 => NULL,
    2 => NULL,
  ),
)
[ info ] [ HEADER ] array (
  'host' => 'wuyongwei.com',
  'connection' => 'keep-alive',
  'cache-control' => 'max-age=0',
  'upgrade-insecure-requests' => '1',
  'user-agent' => 'Mozilla/5.0 (Windows NT 6.1; Win64; x64) AppleWebKit/537.36 (KHTML, like Gecko) Chrome/57.0.2987.110 Safari/537.36',
  'accept' => 'text/html,application/xhtml+xml,application/xml;q=0.9,image/webp,*/*;q=0.8',
  'accept-encoding' => 'gzip, deflate, sdch',
  'accept-language' => 'zh-CN,zh;q=0.8,en;q=0.6,zh-TW;q=0.4',
  'cookie' => 'pgv_pvi=2466684928',
)
[ info ] [ PARAM ] array (
)
[ info ] [ LOG ] INIT File
[ error ] [1]Uncaught exception 'think\exception\ErrorException' with message 'Argument 1 passed to app\lib\exception\ExceptionHandler::render() must be an instance of think\Exception, instance of think\exception\HttpException given, called in D:\xampp\htdocs\StarWar\Zerg\thinkphp\library\think\Error.php on line 47 and defined' in D:\xampp\htdocs\StarWar\Zerg\application\lib\exception\ExceptionHandler.php:18
Stack trace:
#0 D:\xampp\htdocs\StarWar\Zerg\application\lib\exception\ExceptionHandler.php(18): think\Error::appError(4096, 'Argument 1 pass...', 'D:\\xampp\\htdocs...', 18, Array)
#1 D:\xampp\htdocs\StarWar\Zerg\thinkphp\library\think\Error.php(47): app\lib\exception\ExceptionHandler->render(Object(think\exception\HttpException))
#2 [internal function]: think\Error::appException(Object(think\exception\HttpException))
#3 {main}
  thrown[D:\xampp\htdocs\StarWar\Zerg\application\lib\exception\ExceptionHandler.php:18]
---------------------------------------------------------------
[ 2017-05-21T23:52:14+08:00 ] 127.0.0.1 127.0.0.1 GET /tryasd
[ info ] wuyongwei.com/tryasd [运行时间：0.033002s][吞吐率：30.30req/s] [内存消耗：1,178.58kb] [文件加载：31]
[ info ] [ LANG ] D:\xampp\htdocs\StarWar\Zerg\thinkphp\lang\zh-cn.php
[ info ] [ ROUTE ] array (
  'type' => 'module',
  'module' => 
  array (
    0 => 'tryasd',
    1 => NULL,
    2 => NULL,
  ),
)
[ info ] [ HEADER ] array (
  'host' => 'wuyongwei.com',
  'connection' => 'keep-alive',
  'cache-control' => 'max-age=0',
  'upgrade-insecure-requests' => '1',
  'user-agent' => 'Mozilla/5.0 (Windows NT 6.1; Win64; x64) AppleWebKit/537.36 (KHTML, like Gecko) Chrome/57.0.2987.110 Safari/537.36',
  'accept' => 'text/html,application/xhtml+xml,application/xml;q=0.9,image/webp,*/*;q=0.8',
  'accept-encoding' => 'gzip, deflate, sdch',
  'accept-language' => 'zh-CN,zh;q=0.8,en;q=0.6,zh-TW;q=0.4',
  'cookie' => 'pgv_pvi=2466684928',
)
[ info ] [ PARAM ] array (
)
[ info ] [ LOG ] INIT File
---------------------------------------------------------------
[ 2017-05-21T23:52:55+08:00 ] 127.0.0.1 127.0.0.1 GET /tryasd
[ info ] wuyongwei.com/tryasd [运行时间：0.032002s][吞吐率：31.25req/s] [内存消耗：1,223.24kb] [文件加载：33]
[ info ] [ LANG ] D:\xampp\htdocs\StarWar\Zerg\thinkphp\lang\zh-cn.php
[ info ] [ ROUTE ] array (
  'type' => 'module',
  'module' => 
  array (
    0 => 'tryasd',
    1 => NULL,
    2 => NULL,
  ),
)
[ info ] [ HEADER ] array (
  'host' => 'wuyongwei.com',
  'connection' => 'keep-alive',
  'cache-control' => 'max-age=0',
  'upgrade-insecure-requests' => '1',
  'user-agent' => 'Mozilla/5.0 (Windows NT 6.1; Win64; x64) AppleWebKit/537.36 (KHTML, like Gecko) Chrome/57.0.2987.110 Safari/537.36',
  'accept' => 'text/html,application/xhtml+xml,application/xml;q=0.9,image/webp,*/*;q=0.8',
  'accept-encoding' => 'gzip, deflate, sdch',
  'accept-language' => 'zh-CN,zh;q=0.8,en;q=0.6,zh-TW;q=0.4',
  'cookie' => 'pgv_pvi=2466684928',
)
[ info ] [ PARAM ] array (
)
[ info ] [ LOG ] INIT File
[ error ] [1]Uncaught exception 'think\exception\ErrorException' with message 'Argument 1 passed to app\lib\exception\ExceptionHandler::render() must be an instance of think\Exception, instance of think\exception\HttpException given, called in D:\xampp\htdocs\StarWar\Zerg\thinkphp\library\think\Error.php on line 47 and defined' in D:\xampp\htdocs\StarWar\Zerg\application\lib\exception\ExceptionHandler.php:18
Stack trace:
#0 D:\xampp\htdocs\StarWar\Zerg\application\lib\exception\ExceptionHandler.php(18): think\Error::appError(4096, 'Argument 1 pass...', 'D:\\xampp\\htdocs...', 18, Array)
#1 D:\xampp\htdocs\StarWar\Zerg\thinkphp\library\think\Error.php(47): app\lib\exception\ExceptionHandler->render(Object(think\exception\HttpException))
#2 [internal function]: think\Error::appException(Object(think\exception\HttpException))
#3 {main}
  thrown[D:\xampp\htdocs\StarWar\Zerg\application\lib\exception\ExceptionHandler.php:18]
