---------------------------------------------------------------
[ 2017-05-22T00:03:40+08:00 ] 127.0.0.1 127.0.0.1 GET /tryasd
[ info ] wuyongwei.com/tryasd [运行时间：0.031002s][吞吐率：32.26req/s] [内存消耗：1,178.57kb] [文件加载：31]
[ info ] [ LANG ] D:\xampp\htdocs\StarWar\Zerg\thinkphp\lang\zh-cn.php
[ info ] [ ROUTE ] array (
  'type' => 'module',
  'module' => 
  array (
    0 => 'tryasd',
    1 => NULL,
    2 => NULL,
  ),
)
[ info ] [ HEADER ] array (
  'host' => 'wuyongwei.com',
  'connection' => 'keep-alive',
  'cache-control' => 'max-age=0',
  'upgrade-insecure-requests' => '1',
  'user-agent' => 'Mozilla/5.0 (Windows NT 6.1; Win64; x64) AppleWebKit/537.36 (KHTML, like Gecko) Chrome/57.0.2987.110 Safari/537.36',
  'accept' => 'text/html,application/xhtml+xml,application/xml;q=0.9,image/webp,*/*;q=0.8',
  'accept-encoding' => 'gzip, deflate, sdch',
  'accept-language' => 'zh-CN,zh;q=0.8,en;q=0.6,zh-TW;q=0.4',
  'cookie' => 'pgv_pvi=2466684928',
)
[ info ] [ PARAM ] array (
)
[ info ] [ LOG ] INIT File
